<?xml version="1.0" encoding="UTF-8"?>
<Site BuildName="(empty)"
	BuildStamp="20240827-1510-Experimental"
	Name="itsrobocon2"
	Generator="ctest-3.22.1"
	CompilerName="/usr/bin/c++"
	CompilerVersion="11.4.0"
	OSName="Linux"
	Hostname="itsrobocon2"
	OSRelease="6.5.0-41-generic"
	OSVersion="#41~22.04.2-Ubuntu SMP PREEMPT_DYNAMIC Mon Jun  3 11:32:55 UTC 2"
	OSPlatform="x86_64"
	Is64Bits="1"
	VendorString="AuthenticAMD"
	VendorID="Advanced Micro Devices"
	FamilyID="23"
	ModelID="104"
	ProcessorCacheSize="512"
	NumberOfLogicalCPU="12"
	NumberOfPhysicalCPU="6"
	TotalVirtualMemory="2047"
	TotalPhysicalMemory="12859"
	LogicalProcessorsPerPhysical="2"
	ProcessorClockFrequency="2202.54"
	>
	<Testing>
		<StartDateTime>Aug 27 22:21 WIB</StartDateTime>
		<StartTestTime>1724772087</StartTestTime>
		<TestList/>
		<EndDateTime>Aug 27 22:21 WIB</EndDateTime>
		<EndTestTime>1724772087</EndTestTime>
		<ElapsedMinutes>0</ElapsedMinutes>
	</Testing>
</Site>
